[7013:7013:0125/203054:ERROR:browser_main_loop.cc(260)] <unknown>: Couldn't register with accessibility bus: Did not receive a reply. Possible causes include: the remote application did not send a reply, the message bus security policy blocked the reply, the reply timeout expired, or the network connection was broken.

(google-chrome:7013): dconf-CRITICAL **: unable to create directory '/run/user/0/dconf': 权限不够.  dconf will not work properly.

(google-chrome:7013): dconf-CRITICAL **: unable to create directory '/run/user/0/dconf': 权限不够.  dconf will not work properly.

(google-chrome:7013): dconf-CRITICAL **: unable to create directory '/run/user/0/dconf': 权限不够.  dconf will not work properly.

(google-chrome:7013): dconf-CRITICAL **: unable to create directory '/run/user/0/dconf': 权限不够.  dconf will not work properly.

(google-chrome:7013): dconf-CRITICAL **: unable to create directory '/run/user/0/dconf': 权限不够.  dconf will not work properly.

(google-chrome:7013): dconf-CRITICAL **: unable to create directory '/run/user/0/dconf': 权限不够.  dconf will not work properly.

(google-chrome:7013): dconf-CRITICAL **: unable to create directory '/run/user/0/dconf': 权限不够.  dconf will not work properly.

(google-chrome:7013): dconf-CRITICAL **: unable to create directory '/run/user/0/dconf': 权限不够.  dconf will not work properly.

(google-chrome:7013): dconf-CRITICAL **: unable to create directory '/run/user/0/dconf': 权限不够.  dconf will not work properly.

(google-chrome:7013): dconf-CRITICAL **: unable to create directory '/run/user/0/dconf': 权限不够.  dconf will not work properly.

(google-chrome:7013): dconf-CRITICAL **: unable to create directory '/run/user/0/dconf': 权限不够.  dconf will not work properly.

(google-chrome:7013): dconf-CRITICAL **: unable to create directory '/run/user/0/dconf': 权限不够.  dconf will not work properly.

(google-chrome:7013): dconf-CRITICAL **: unable to create directory '/run/user/0/dconf': 权限不够.  dconf will not work properly.

(google-chrome:7013): dconf-CRITICAL **: unable to create directory '/run/user/0/dconf': 权限不够.  dconf will not work properly.

(google-chrome:7013): dconf-CRITICAL **: unable to create directory '/run/user/0/dconf': 权限不够.  dconf will not work properly.

(google-chrome:7013): dconf-CRITICAL **: unable to create directory '/run/user/0/dconf': 权限不够.  dconf will not work properly.

(google-chrome:7013): dconf-CRITICAL **: unable to create directory '/run/user/0/dconf': 权限不够.  dconf will not work properly.

(google-chrome:7013): dconf-CRITICAL **: unable to create directory '/run/user/0/dconf': 权限不够.  dconf will not work properly.

(google-chrome:7013): dconf-CRITICAL **: unable to create directory '/run/user/0/dconf': 权限不够.  dconf will not work properly.

(google-chrome:7013): dconf-CRITICAL **: unable to create directory '/run/user/0/dconf': 权限不够.  dconf will not work properly.

(google-chrome:7013): dconf-CRITICAL **: unable to create directory '/run/user/0/dconf': 权限不够.  dconf will not work properly.

(google-chrome:7013): dconf-CRITICAL **: unable to create directory '/run/user/0/dconf': 权限不够.  dconf will not work properly.

(google-chrome:7013): dconf-CRITICAL **: unable to create directory '/run/user/0/dconf': 权限不够.  dconf will not work properly.

(google-chrome:7013): dconf-CRITICAL **: unable to create directory '/run/user/0/dconf': 权限不够.  dconf will not work properly.

(google-chrome:7013): dconf-CRITICAL **: unable to create directory '/run/user/0/dconf': 权限不够.  dconf will not work properly.

(google-chrome:7013): dconf-CRITICAL **: unable to create directory '/run/user/0/dconf': 权限不够.  dconf will not work properly.
[7013:7013:0125/203054:ERROR:background_mode_manager_aura.cc(13)] Not implemented reached in virtual void BackgroundModeManager::EnableLaunchOnStartup(bool)

(google-chrome:7013): dconf-CRITICAL **: unable to create directory '/run/user/0/dconf': 权限不够.  dconf will not work properly.

(google-chrome:7013): dconf-CRITICAL **: unable to create directory '/run/user/0/dconf': 权限不够.  dconf will not work properly.
[7013:7048:0125/203153:ERROR:object_proxy.cc(583)] Failed to call method: org.gnome.SessionManager.Inhibit: object_path= /org/gnome/SessionManager: org.freedesktop.DBus.Error.ServiceUnknown: The name org.gnome.SessionManager was not provided by any .service files
[7013:7048:0125/203153:ERROR:power_save_blocker_x11.cc(334)] No response to Inhibit() request!
[7013:7048:0125/203520:ERROR:object_proxy.cc(583)] Failed to call method: org.gnome.SessionManager.Uninhibit: object_path= /org/gnome/SessionManager: org.freedesktop.DBus.Error.ServiceUnknown: The name org.gnome.SessionManager was not provided by any .service files
[7013:7048:0125/203520:ERROR:power_save_blocker_x11.cc(406)] No response to Uninhibit() request!
[7013:7041:0125/210305:FATAL:bus.cc(1204)] D-Bus connection was disconnected. Aborting.
